2020-03-23 19:32:38
Warning: ErrorException caught in /www/wwwroot/nss/system/core/lib/std/log.php on line 188
Message: chmod(): Operation not permitted
{
    "Peak": "0.7102MB",
    "Memory": "0.6797MB",
    "Duration": "12.3811ms",
    "Param": {
        "ip": "113.103.112.8",
        "cmd": "index"
    },
    "Trace": [
        "core/ns->__construct called in /www/wwwroot/nss/api.php on line 42",
        "core/lib/cgi->call_service called in /www/wwwroot/nss/system/core/ns.php on line 208",
        "core/lib/stc/error::exception_handler called in /www/wwwroot/nss/system/core/lib/cgi.php on line 130",
        "core/lib/std/log->notice called in /www/wwwroot/nss/system/core/lib/stc/error.php on line 155",
        "core/lib/std/log->save called in /www/wwwroot/nss/system/core/lib/std/log.php on line 124",
        "chmod called in /www/wwwroot/nss/system/core/lib/std/log.php on line 188",
        "core/lib/stc/error::error_handler called"
    ]
}

2020-03-23 21:38:26
Warning: ErrorException caught in /www/wwwroot/nss/system/core/lib/std/log.php on line 188
Message: chmod(): Operation not permitted
{
    "Peak": "0.7091MB",
    "Memory": "0.6787MB",
    "Duration": "15.1608ms",
    "Param": {
        "ip": "113.103.112.8",
        "cmd": "index"
    },
    "Trace": [
        "core/ns->__construct called in /www/wwwroot/nss/api.php on line 42",
        "core/lib/cgi->call_service called in /www/wwwroot/nss/system/core/ns.php on line 208",
        "core/lib/stc/error::exception_handler called in /www/wwwroot/nss/system/core/lib/cgi.php on line 130",
        "core/lib/std/log->notice called in /www/wwwroot/nss/system/core/lib/stc/error.php on line 155",
        "core/lib/std/log->save called in /www/wwwroot/nss/system/core/lib/std/log.php on line 124",
        "chmod called in /www/wwwroot/nss/system/core/lib/std/log.php on line 188",
        "core/lib/stc/error::error_handler called"
    ]
}

