2021-03-14 15:25:12
Notice: Exception caught in H:\www\ns_vendor\Core\Lib\Router.php on line 195
Message: "contorllers/home" NOT found!
{
    "Peak": "0.6933MB",
    "Memory": "0.6541MB",
    "Duration": "5.3449ms",
    "Param": {
        "ip": "127.0.0.1",
        "cmd": "contorllers/home/test",
        "data": [],
        "argv": ""
    },
    "Trace": [
        "NS->__construct called in H:/www/ns/api.php on line 28",
        "Core/Lib/Router->parse called in H:/www/ns_vendor/NS.php on line 115",
        "Core/Lib/Router->callParser called in H:/www/ns_vendor/Core/Lib/Router.php on line 112",
        "call_user_func called in H:/www/ns_vendor/Core/Lib/Router.php on line 249",
        "Core/Lib/Router->cgiParser called"
    ]
}

