2022-11-05 10:27:45
Notice: Exception caught in H:\www\ns\NervSys\Core\Lib\Router.php on line 101
Message: "home" NOT found!
{
    "Peak": "0.679MB",
    "Memory": "0.6437MB",
    "Duration": "5039.4409ms",
    "Param": {
        "ip": "127.0.0.1",
        "cmd": "home/index",
        "data": [],
        "argv": []
    },
    "Trace": [
        "Nervsys/NS->go called in H:/www/ns/app/api.php on line 31",
        "Nervsys/Core/Lib/Router->parseCgi called in H:/www/ns/NervSys/NS.php on line 111",
        "Nervsys/Core/Lib/Router->process called in H:/www/ns/NervSys/Core/Lib/Router.php on line 42",
        "call_user_func called in H:/www/ns/NervSys/Core/Lib/Router.php on line 170",
        "Nervsys/Core/Lib/Router->getCgiUnit called"
    ]
}

2022-11-05 10:29:07
Notice: Exception caught in H:\www\ns\NervSys\Core\Lib\Router.php on line 101
Message: "home" NOT found!
{
    "Peak": "0.6792MB",
    "Memory": "0.6438MB",
    "Duration": "252.0709ms",
    "Param": {
        "ip": "127.0.0.1",
        "cmd": "home/index",
        "data": [],
        "argv": []
    },
    "Trace": [
        "Nervsys/NS->go called in H:/www/ns/app/api.php on line 31",
        "Nervsys/Core/Lib/Router->parseCgi called in H:/www/ns/NervSys/NS.php on line 111",
        "Nervsys/Core/Lib/Router->process called in H:/www/ns/NervSys/Core/Lib/Router.php on line 42",
        "call_user_func called in H:/www/ns/NervSys/Core/Lib/Router.php on line 170",
        "Nervsys/Core/Lib/Router->getCgiUnit called"
    ]
}

2022-11-05 10:30:19
Notice: Exception caught in H:\www\ns\NervSys\Core\Lib\Router.php on line 101
Message: "home" NOT found!
{
    "Peak": "0.6792MB",
    "Memory": "0.6438MB",
    "Duration": "4851.665ms",
    "Param": {
        "ip": "127.0.0.1",
        "cmd": "home/index",
        "data": [],
        "argv": []
    },
    "Trace": [
        "Nervsys/NS->go called in H:/www/ns/app/api.php on line 31",
        "Nervsys/Core/Lib/Router->parseCgi called in H:/www/ns/NervSys/NS.php on line 111",
        "Nervsys/Core/Lib/Router->process called in H:/www/ns/NervSys/Core/Lib/Router.php on line 42",
        "call_user_func called in H:/www/ns/NervSys/Core/Lib/Router.php on line 170",
        "Nervsys/Core/Lib/Router->getCgiUnit called"
    ]
}

2022-11-05 10:32:00
Notice: Exception caught in H:\www\ns\NervSys\Core\Lib\Router.php on line 101
Message: "home" NOT found!
{
    "Peak": "0.6792MB",
    "Memory": "0.6438MB",
    "Duration": "4.1718ms",
    "Param": {
        "ip": "127.0.0.1",
        "cmd": "home/index",
        "data": [],
        "argv": []
    },
    "Trace": [
        "Nervsys/NS->go called in H:/www/ns/app/api.php on line 31",
        "Nervsys/Core/Lib/Router->parseCgi called in H:/www/ns/NervSys/NS.php on line 111",
        "Nervsys/Core/Lib/Router->process called in H:/www/ns/NervSys/Core/Lib/Router.php on line 42",
        "call_user_func called in H:/www/ns/NervSys/Core/Lib/Router.php on line 170",
        "Nervsys/Core/Lib/Router->getCgiUnit called"
    ]
}

2022-11-05 10:33:10
Notice: Exception caught in H:\www\ns\NervSys\Core\Lib\Router.php on line 101
Message: "controllers/home" NOT found!
{
    "Peak": "0.6793MB",
    "Memory": "0.644MB",
    "Duration": "4.384ms",
    "Param": {
        "ip": "127.0.0.1",
        "cmd": "controllers/home/index",
        "data": [],
        "argv": []
    },
    "Trace": [
        "Nervsys/NS->go called in H:/www/ns/app/api.php on line 31",
        "Nervsys/Core/Lib/Router->parseCgi called in H:/www/ns/NervSys/NS.php on line 111",
        "Nervsys/Core/Lib/Router->process called in H:/www/ns/NervSys/Core/Lib/Router.php on line 42",
        "call_user_func called in H:/www/ns/NervSys/Core/Lib/Router.php on line 170",
        "Nervsys/Core/Lib/Router->getCgiUnit called"
    ]
}

