2023-06-24 07:45:00
Warning: ErrorException caught in H:\www\ns\app\controllers\home.php on line 56
Message: Undefined variable $stemp
{
    "Peak": "0.7954MB",
    "Memory": "0.7202MB",
    "Duration": "8.868ms",
    "Params": {
        "ip": "127.0.0.1",
        "ua": "Mozilla/5.0 (Windows NT 10.0; Win64; x64) AppleWebKit/537.36 (KHTML, like Gecko) Chrome/114.0.0.0 Safari/537.36",
        "cmd": "home/compareNum",
        "lang": "zh-CN,zh;q=0.9",
        "data": [],
        "argv": []
    },
    "Trace": [
        "Nervsys/NS->go called in H:/www/ns/app/api.php on line 31",
        "Nervsys/Core/Lib/Caller->runApiFn called in H:/www/ns/NervSys/NS.php on line 122",
        "call_user_func_array called in H:/www/ns/NervSys/Core/Lib/Caller.php on line 64",
        "app/controllers/home->compareNum called",
        "Nervsys/Core/Lib/Error->errorHandler called in H:/www/ns/app/controllers/home.php on line 56"
    ]
}

